<?xml version="1.0" encoding="UTF-8"?>
<!-- Generated by org.testng.reporters.JUnitReportReporter -->
<testsuite hostname="ASDP1510_PO01976" failures="0" tests="1" name="QA.SeleniumWithTestNG2.AppTest" time="10.781" errors="0" timestamp="21 Jun 2019 06:15:29 GMT" skipped="0">
  <testcase classname="QA.SeleniumWithTestNG2.AppTest" name="test1" time="10.781"/>
</testsuite> <!-- QA.SeleniumWithTestNG2.AppTest -->
